

File 'cardtest1.c'
Lines executed:65.87% of 208
Branches executed:81.25% of 64
Taken at least once:56.25% of 64
Calls executed:45.07% of 71
cardtest1.c:creating 'cardtest1.c.gcov'

File 'cardtest2.c'
Lines executed:66.35% of 211
Branches executed:81.82% of 66
Taken at least once:56.06% of 66
Calls executed:45.83% of 72
cardtest2.c:creating 'cardtest2.c.gcov'

File 'cardtest3.c'
Lines executed:66.03% of 209
Branches executed:81.25% of 64
Taken at least once:56.25% of 64
Calls executed:45.07% of 71
cardtest3.c:creating 'cardtest3.c.gcov'

File 'cardtest4.c'
Lines executed:65.24% of 210
Branches executed:76.47% of 68
Taken at least once:52.94% of 68
Calls executed:45.71% of 70
cardtest4.c:creating 'cardtest4.c.gcov'

