********Testing village***********
Test 1
Cards in Hand:  5, Cards Expected: 6
Cards in Deck: 4, cards Expected: 4
Number of Actions:  3, Number Expected: 3


Test 2
Cards in Hand:  5, Cards Expected: 6
Cards in Deck: 4, cards Expected: 4
Number of Actions:  3, Number Expected: 3


Test 3
Cards in Hand:  5, Cards Expected: 6
Cards in Deck: 4, cards Expected: 4
Number of Actions:  3, Number Expected: 3


Test 4
Cards in Hand:  5, Cards Expected: 6
Cards in Deck: 4, cards Expected: 4
Number of Actions:  3, Number Expected: 3


Test 5
Cards in Hand:  5, Cards Expected: 6
Cards in Deck: 4, cards Expected: 4
Number of Actions:  3, Number Expected: 3


Test 6
Cards in Hand:  5, Cards Expected: 6
Cards in Deck: 4, cards Expected: 4
Number of Actions:  3, Number Expected: 3


Test 7
Cards in Hand:  5, Cards Expected: 6
Cards in Deck: 4, cards Expected: 4
Number of Actions:  3, Number Expected: 3


Test 8
Cards in Hand:  5, Cards Expected: 6
Cards in Deck: 4, cards Expected: 4
Number of Actions:  3, Number Expected: 3


Test 9
Cards in Hand:  5, Cards Expected: 6
Cards in Deck: 4, cards Expected: 4
Number of Actions:  3, Number Expected: 3


Test 10
Cards in Hand:  5, Cards Expected: 6
Cards in Deck: 4, cards Expected: 4
Number of Actions:  3, Number Expected: 3


