Testing adventurer card...

Iteration #1 ......
expected    deck cnt: 427
tested      deck cnt: 440
expected discard cnt: 13
tested   discard cnt: 0
Iteration #2 ......
expected    deck cnt: 226
tested      deck cnt: 233
expected discard cnt: 13
tested   discard cnt: 5
Iteration #3 ......
expected    deck cnt: 36
tested      deck cnt: 30
expected discard cnt: 9
tested   discard cnt: 14
Iteration #4 ......
expected discard cnt: 194
tested   discard cnt: 193
Iteration #5 ......
expected discard cnt: 418
tested   discard cnt: 417
Iteration #6 ......
expected discard cnt: 456
tested   discard cnt: 455
Iteration #7 ......
expected discard cnt: 284
tested   discard cnt: 283
Iteration #8 ......
expected discard cnt: 340
tested   discard cnt: 339
Iteration #9 ......
expected discard cnt: 204
tested   discard cnt: 203
Iteration #10 ......
expected discard cnt: 405
tested   discard cnt: 404

Testing adventurer card done...
/***************************************************************/
Testing smithy card...

Iteration #1 ......
expected card at hand pos 61: 24
tested   card at hand pos 61: 14
Iteration #2 ......
expected card at hand pos 49: 0
tested   card at hand pos 49: 5
Iteration #3 ......
expected card at hand pos 129: 16
tested   card at hand pos 129: 11
Iteration #4 ......
expected card at hand pos 116: 21
tested   card at hand pos 116: 4
Iteration #5 ......
expected card at hand pos 59: 8
tested   card at hand pos 59: 22
Iteration #6 ......
expected card at hand pos 113: 14
tested   card at hand pos 113: 18
Iteration #7 ......
expected card at hand pos 24: 0
tested   card at hand pos 24: 9
Iteration #8 ......
expected card at hand pos 72: 19
tested   card at hand pos 72: 3
Iteration #9 ......
expected card at hand pos 114: 23
tested   card at hand pos 114: 22
Iteration #10 ......
expected card at hand pos 211: 20
tested   card at hand pos 211: 5

Testing smithy card done...
/***************************************************************/
