Testing adventurer card...

Iteration #1 ......
expected    deck cnt: 360
tested      deck cnt: 357
expected discard cnt: 1
tested   discard cnt: 4
Iteration #2 ......
expected    deck cnt: 289
tested      deck cnt: 301
expected discard cnt: 19
tested   discard cnt: 7
Iteration #3 ......
expected    deck cnt: 414
tested      deck cnt: 451
expected discard cnt: 46
tested   discard cnt: 9
Iteration #4 ......
Iteration #5 ......
Iteration #6 ......
Iteration #7 ......
Iteration #8 ......
Iteration #9 ......
Iteration #10 ......

Testing adventurer card done...
/***************************************************************/
Testing smithy card...

Iteration #1 ......
expected    hand cnt: 404
tested      hand cnt: 403
Iteration #2 ......
expected    hand cnt: 132
tested      hand cnt: 131
Iteration #3 ......
expected    hand cnt: 315
tested      hand cnt: 314
Iteration #4 ......
expected    hand cnt: 395
tested      hand cnt: 394
Iteration #5 ......
expected    hand cnt: 27
tested      hand cnt: 26
Iteration #6 ......
expected    hand cnt: 351
tested      hand cnt: 350
Iteration #7 ......
expected    hand cnt: 249
tested      hand cnt: 248
Iteration #8 ......
expected    hand cnt: 439
tested      hand cnt: 438
Iteration #9 ......
expected    hand cnt: 63
tested      hand cnt: 62
Iteration #10 ......
expected    hand cnt: 237
tested      hand cnt: 236

Testing smithy card done...
/***************************************************************/
